

 LOG file opened at 02/19/15 16:56:47

KUP-05007:   Warning: Intra source concurrency disabled because the preprocessor option is being used.

Field Definitions for table SONGDATA
  Record format DELIMITED BY NEWLINE
  Data in file has same endianness as the platform
  Rows with all null fields are accepted

  Fields in Data Source: 

    YEAR                            CHAR (255)
      Terminated by "|"
      Trim whitespace same as SQL Loader
    SONGID                          CHAR (255)
      Terminated by "|"
      Trim whitespace same as SQL Loader
    ARTISTE                         CHAR (255)
      Terminated by "|"
      Trim whitespace same as SQL Loader
    SONGTITLE                       CHAR (255)
      Terminated by "|"
      Trim whitespace same as SQL Loader


 LOG file opened at 02/20/15 01:00:56

KUP-05007:   Warning: Intra source concurrency disabled because the preprocessor option is being used.

Field Definitions for table SONGDATA
  Record format DELIMITED BY NEWLINE
  Data in file has same endianness as the platform
  Rows with all null fields are accepted

  Fields in Data Source: 

    YEAR                            CHAR (255)
      Terminated by "|"
      Trim whitespace same as SQL Loader
    SONGID                          CHAR (255)
      Terminated by "|"
      Trim whitespace same as SQL Loader
    ARTISTE                         CHAR (255)
      Terminated by "|"
      Trim whitespace same as SQL Loader
    SONGTITLE                       CHAR (255)
      Terminated by "|"
      Trim whitespace same as SQL Loader


 LOG file opened at 02/22/15 03:58:08

KUP-05007:   Warning: Intra source concurrency disabled because the preprocessor option is being used.

Field Definitions for table SONGDATA
  Record format DELIMITED BY NEWLINE
  Data in file has same endianness as the platform
  Rows with all null fields are accepted

  Fields in Data Source: 

    YEAR                            CHAR (255)
      Terminated by "|"
      Trim whitespace same as SQL Loader
    SONGID                          CHAR (255)
      Terminated by "|"
      Trim whitespace same as SQL Loader
    ARTISTE                         CHAR (255)
      Terminated by "|"
      Trim whitespace same as SQL Loader
    SONGTITLE                       CHAR (255)
      Terminated by "|"
      Trim whitespace same as SQL Loader
